### 12.04.2019 21:28:27
Array
(
    [username] => Вася
)



### 12.04.2019 21:29:45
Array
(
    [catalog] => Array
        (
            [0] => Спички
            [1] => Кружка
            [2] => Ведро
        )

)



### 15.04.2019 20:48:51
Array
(
    [username] => Вася
)



### 15.04.2019 20:48:54
Array
(
    [catalog] => Array
        (
            [0] => Спички
            [1] => Кружка
            [2] => Ведро
        )

)



### 15.04.2019 20:48:58
Array
(
)



### 15.04.2019 20:48:59
Array
(
    [username] => Вася
)



### 15.04.2019 20:49:04
Array
(
    [catalog] => Array
        (
            [0] => Спички
            [1] => Кружка
            [2] => Ведро
        )

)



### 15.04.2019 20:49:32
Array
(
    [catalog] => Array
        (
            [0] => Спички
            [1] => Кружка
            [2] => Ведро
        )

)



### 15.04.2019 20:49:35
Array
(
    [username] => Вася
)



### 15.04.2019 20:49:45
Array
(
    [username] => Вася
)



### 15.04.2019 20:49:51
Array
(
    [username] => Вася
)



### 15.04.2019 20:49:54
Array
(
)



### 15.04.2019 20:50:25
Array
(
    [catalog] => Array
        (
            [0] => Спички
            [1] => Кружка
            [2] => Ведро
        )

)



### 15.04.2019 20:50:29
Array
(
    [username] => Вася
)



### 15.04.2019 20:50:41
Array
(
    [catalog] => Array
        (
            [0] => Спички
            [1] => Кружка
            [2] => Ведро
        )

)



### 15.04.2019 20:54:06
Array
(
    [username] => Вася
)



### 15.04.2019 20:54:13
Array
(
    [username] => Вася
)



### 15.04.2019 20:54:32
Array
(
    [username] => Вася
)



### 15.04.2019 20:54:38
Array
(
    [username] => Вася
)



### 15.04.2019 20:54:41
Array
(
    [catalog] => Array
        (
            [0] => Спички
            [1] => Кружка
            [2] => Ведро
        )

)



### 15.04.2019 20:55:47
Array
(
    [username] => Вася
)



### 15.04.2019 20:55:58
Array
(
    [username] => Вася
)



### 15.04.2019 20:56:06
Array
(
    [username] => Вася
)



### 15.04.2019 20:56:16
Array
(
    [username] => Вася
)



### 15.04.2019 20:56:55
Array
(
    [username] => Вася
)



### 15.04.2019 20:57:11
Array
(
    [username] => Вася
)



### 15.04.2019 20:57:16
Array
(
    [username] => Вася
)



### 15.04.2019 20:58:37
Array
(
    [username] => Вася
)



### 15.04.2019 20:58:46
Array
(
    [catalog] => Array
        (
            [0] => Спички
            [1] => Кружка
            [2] => Ведро
        )

)



### 15.04.2019 20:58:59
Array
(
)



### 15.04.2019 20:59:06
Array
(
    [catalog] => Array
        (
            [0] => Спички
            [1] => Кружка
            [2] => Ведро
        )

)



### 15.04.2019 20:59:11
Array
(
    [catalog] => Array
        (
            [0] => Спички
            [1] => Кружка
            [2] => Ведро
        )

)



### 15.04.2019 20:59:12
Array
(
    [username] => Вася
)



### 15.04.2019 20:59:13
Array
(
    [catalog] => Array
        (
            [0] => Спички
            [1] => Кружка
            [2] => Ведро
        )

)



### 15.04.2019 20:59:14
Array
(
    [catalog] => Array
        (
            [0] => Спички
            [1] => Кружка
            [2] => Ведро
        )

)



### 15.04.2019 20:59:15
Array
(
    [catalog] => Array
        (
            [0] => Спички
            [1] => Кружка
            [2] => Ведро
        )

)



### 15.04.2019 20:59:16
Array
(
    [catalog] => Array
        (
            [0] => Спички
            [1] => Кружка
            [2] => Ведро
        )

)



### 15.04.2019 20:59:18
Array
(
    [catalog] => Array
        (
            [0] => Спички
            [1] => Кружка
            [2] => Ведро
        )

)



### 15.04.2019 20:59:19
Array
(
    [catalog] => Array
        (
            [0] => Спички
            [1] => Кружка
            [2] => Ведро
        )

)



### 15.04.2019 20:59:20
Array
(
    [username] => Вася
)



### 15.04.2019 20:59:21
Array
(
    [catalog] => Array
        (
            [0] => Спички
            [1] => Кружка
            [2] => Ведро
        )

)



### 15.04.2019 21:01:52
Array
(
    [catalog] => Array
        (
            [0] => Спички
            [1] => Кружка
            [2] => Ведро
        )

)



### 15.04.2019 21:01:53
Array
(
    [username] => Вася
)



### 15.04.2019 21:13:37
Array
(
    [news] => Array
        (
            [0] => Array
                (
                    [id] => 1
                    [category] => 2
                    [prev] => В штабе Зеленского не признают референдум в Крыму
                    [text] => КИЕВ, 15 апр — РИА Новости. Пресс-служба кандидата в президенты Украины Владимира Зеленского заявила, что в его штабе не признают референдум о воссоединении Крыма с Россией.
"Так называемый "референдум" не может считаться актом, свидетельствующим о свободном волеизъявлении жителей Крыма", — говорится в заявлении, которое имеется в распоряжении РИА Новости.
                )

            [1] => Array
                (
                    [id] => 2
                    [category] => 2
                    [prev] => Путин подписал закон о запрете размещения хостелов в жилых домах
                    [text] => МОСКВА, 15 апр - РИА Новости. Владимир Путин подписал закон о запрете размещения хостелов в многоквартирных домах с первого октября 2019 года, соответствующий документ опубликован на официальном портале правовой информации.
Закон запрещает использовать жилые помещения в качестве гостиницы или другого средства временного размещения. Предусматривается, что оказывать гостиничные услуги можно лишь после перевода жилого помещения в нежилое и оснащения его оборудованием надлежащего качества:
                )

        )

)



### 15.04.2019 21:15:05
Array
(
    [news] => Array
        (
            [0] => Array
                (
                    [id] => 1
                    [category] => 2
                    [prev] => В штабе Зеленского не признают референдум в Крыму
                    [text] => КИЕВ, 15 апр — РИА Новости. Пресс-служба кандидата в президенты Украины Владимира Зеленского заявила, что в его штабе не признают референдум о воссоединении Крыма с Россией.
"Так называемый "референдум" не может считаться актом, свидетельствующим о свободном волеизъявлении жителей Крыма", — говорится в заявлении, которое имеется в распоряжении РИА Новости.
                )

            [1] => Array
                (
                    [id] => 2
                    [category] => 2
                    [prev] => Путин подписал закон о запрете размещения хостелов в жилых домах
                    [text] => МОСКВА, 15 апр - РИА Новости. Владимир Путин подписал закон о запрете размещения хостелов в многоквартирных домах с первого октября 2019 года, соответствующий документ опубликован на официальном портале правовой информации.
Закон запрещает использовать жилые помещения в качестве гостиницы или другого средства временного размещения. Предусматривается, что оказывать гостиничные услуги можно лишь после перевода жилого помещения в нежилое и оснащения его оборудованием надлежащего качества:
                )

        )

)



### 15.04.2019 21:15:19
Array
(
)



### 15.04.2019 21:15:22
Array
(
)



### 15.04.2019 21:16:12
Array
(
    [news] => Array
        (
            [0] => Array
                (
                    [id] => 1
                    [category] => 2
                    [prev] => В штабе Зеленского не признают референдум в Крыму
                    [text] => КИЕВ, 15 апр — РИА Новости. Пресс-служба кандидата в президенты Украины Владимира Зеленского заявила, что в его штабе не признают референдум о воссоединении Крыма с Россией.
"Так называемый "референдум" не может считаться актом, свидетельствующим о свободном волеизъявлении жителей Крыма", — говорится в заявлении, которое имеется в распоряжении РИА Новости.
                )

            [1] => Array
                (
                    [id] => 2
                    [category] => 2
                    [prev] => Путин подписал закон о запрете размещения хостелов в жилых домах
                    [text] => МОСКВА, 15 апр - РИА Новости. Владимир Путин подписал закон о запрете размещения хостелов в многоквартирных домах с первого октября 2019 года, соответствующий документ опубликован на официальном портале правовой информации.
Закон запрещает использовать жилые помещения в качестве гостиницы или другого средства временного размещения. Предусматривается, что оказывать гостиничные услуги можно лишь после перевода жилого помещения в нежилое и оснащения его оборудованием надлежащего качества:
                )

        )

)



### 15.04.2019 21:19:57
Array
(
)



### 15.04.2019 21:20:48
Array
(
    [prev] => В штабе Зеленского не признают референдум в Крыму
    [text] => КИЕВ, 15 апр — РИА Новости. Пресс-служба кандидата в президенты Украины Владимира Зеленского заявила, что в его штабе не признают референдум о воссоединении Крыма с Россией.
"Так называемый "референдум" не может считаться актом, свидетельствующим о свободном волеизъявлении жителей Крыма", — говорится в заявлении, которое имеется в распоряжении РИА Новости.
)



### 15.04.2019 21:20:51
Array
(
    [news] => Array
        (
            [0] => Array
                (
                    [id] => 1
                    [category] => 2
                    [prev] => В штабе Зеленского не признают референдум в Крыму
                    [text] => КИЕВ, 15 апр — РИА Новости. Пресс-служба кандидата в президенты Украины Владимира Зеленского заявила, что в его штабе не признают референдум о воссоединении Крыма с Россией.
"Так называемый "референдум" не может считаться актом, свидетельствующим о свободном волеизъявлении жителей Крыма", — говорится в заявлении, которое имеется в распоряжении РИА Новости.
                )

            [1] => Array
                (
                    [id] => 2
                    [category] => 2
                    [prev] => Путин подписал закон о запрете размещения хостелов в жилых домах
                    [text] => МОСКВА, 15 апр - РИА Новости. Владимир Путин подписал закон о запрете размещения хостелов в многоквартирных домах с первого октября 2019 года, соответствующий документ опубликован на официальном портале правовой информации.
Закон запрещает использовать жилые помещения в качестве гостиницы или другого средства временного размещения. Предусматривается, что оказывать гостиничные услуги можно лишь после перевода жилого помещения в нежилое и оснащения его оборудованием надлежащего качества:
                )

        )

)



### 15.04.2019 21:20:52
Array
(
    [prev] => Путин подписал закон о запрете размещения хостелов в жилых домах
    [text] => МОСКВА, 15 апр - РИА Новости. Владимир Путин подписал закон о запрете размещения хостелов в многоквартирных домах с первого октября 2019 года, соответствующий документ опубликован на официальном портале правовой информации.
Закон запрещает использовать жилые помещения в качестве гостиницы или другого средства временного размещения. Предусматривается, что оказывать гостиничные услуги можно лишь после перевода жилого помещения в нежилое и оснащения его оборудованием надлежащего качества:
)



### 15.04.2019 21:28:17
Array
(
    [prev] => Путин подписал закон о запрете размещения хостелов в жилых домах
    [text] => МОСКВА, 15 апр - РИА Новости. Владимир Путин подписал закон о запрете размещения хостелов в многоквартирных домах с первого октября 2019 года, соответствующий документ опубликован на официальном портале правовой информации.
Закон запрещает использовать жилые помещения в качестве гостиницы или другого средства временного размещения. Предусматривается, что оказывать гостиничные услуги можно лишь после перевода жилого помещения в нежилое и оснащения его оборудованием надлежащего качества:
)



### 15.04.2019 21:28:18
Array
(
    [username] => Вася
)



### 15.04.2019 21:28:19
Array
(
    [news] => Array
        (
            [0] => Array
                (
                    [id] => 1
                    [category] => 2
                    [prev] => В штабе Зеленского не признают референдум в Крыму
                    [text] => КИЕВ, 15 апр — РИА Новости. Пресс-служба кандидата в президенты Украины Владимира Зеленского заявила, что в его штабе не признают референдум о воссоединении Крыма с Россией.
"Так называемый "референдум" не может считаться актом, свидетельствующим о свободном волеизъявлении жителей Крыма", — говорится в заявлении, которое имеется в распоряжении РИА Новости.
                )

            [1] => Array
                (
                    [id] => 2
                    [category] => 2
                    [prev] => Путин подписал закон о запрете размещения хостелов в жилых домах
                    [text] => МОСКВА, 15 апр - РИА Новости. Владимир Путин подписал закон о запрете размещения хостелов в многоквартирных домах с первого октября 2019 года, соответствующий документ опубликован на официальном портале правовой информации.
Закон запрещает использовать жилые помещения в качестве гостиницы или другого средства временного размещения. Предусматривается, что оказывать гостиничные услуги можно лишь после перевода жилого помещения в нежилое и оснащения его оборудованием надлежащего качества:
                )

        )

)



### 15.04.2019 21:28:20
Array
(
    [username] => Вася
)



### 15.04.2019 21:28:20
Array
(
    [news] => Array
        (
            [0] => Array
                (
                    [id] => 1
                    [category] => 2
                    [prev] => В штабе Зеленского не признают референдум в Крыму
                    [text] => КИЕВ, 15 апр — РИА Новости. Пресс-служба кандидата в президенты Украины Владимира Зеленского заявила, что в его штабе не признают референдум о воссоединении Крыма с Россией.
"Так называемый "референдум" не может считаться актом, свидетельствующим о свободном волеизъявлении жителей Крыма", — говорится в заявлении, которое имеется в распоряжении РИА Новости.
                )

            [1] => Array
                (
                    [id] => 2
                    [category] => 2
                    [prev] => Путин подписал закон о запрете размещения хостелов в жилых домах
                    [text] => МОСКВА, 15 апр - РИА Новости. Владимир Путин подписал закон о запрете размещения хостелов в многоквартирных домах с первого октября 2019 года, соответствующий документ опубликован на официальном портале правовой информации.
Закон запрещает использовать жилые помещения в качестве гостиницы или другого средства временного размещения. Предусматривается, что оказывать гостиничные услуги можно лишь после перевода жилого помещения в нежилое и оснащения его оборудованием надлежащего качества:
                )

        )

)



### 15.04.2019 21:28:43
Array
(
    [news] => Array
        (
            [0] => Array
                (
                    [id] => 1
                    [category] => 2
                    [prev] => В штабе Зеленского не признают референдум в Крыму
                    [text] => КИЕВ, 15 апр — РИА Новости. Пресс-служба кандидата в президенты Украины Владимира Зеленского заявила, что в его штабе не признают референдум о воссоединении Крыма с Россией.
"Так называемый "референдум" не может считаться актом, свидетельствующим о свободном волеизъявлении жителей Крыма", — говорится в заявлении, которое имеется в распоряжении РИА Новости.
                )

            [1] => Array
                (
                    [id] => 2
                    [category] => 2
                    [prev] => Путин подписал закон о запрете размещения хостелов в жилых домах
                    [text] => МОСКВА, 15 апр - РИА Новости. Владимир Путин подписал закон о запрете размещения хостелов в многоквартирных домах с первого октября 2019 года, соответствующий документ опубликован на официальном портале правовой информации.
Закон запрещает использовать жилые помещения в качестве гостиницы или другого средства временного размещения. Предусматривается, что оказывать гостиничные услуги можно лишь после перевода жилого помещения в нежилое и оснащения его оборудованием надлежащего качества:
                )

        )

)



### 15.04.2019 21:28:46
Array
(
    [news] => Array
        (
            [0] => Array
                (
                    [id] => 1
                    [category] => 2
                    [prev] => В штабе Зеленского не признают референдум в Крыму
                    [text] => КИЕВ, 15 апр — РИА Новости. Пресс-служба кандидата в президенты Украины Владимира Зеленского заявила, что в его штабе не признают референдум о воссоединении Крыма с Россией.
"Так называемый "референдум" не может считаться актом, свидетельствующим о свободном волеизъявлении жителей Крыма", — говорится в заявлении, которое имеется в распоряжении РИА Новости.
                )

            [1] => Array
                (
                    [id] => 2
                    [category] => 2
                    [prev] => Путин подписал закон о запрете размещения хостелов в жилых домах
                    [text] => МОСКВА, 15 апр - РИА Новости. Владимир Путин подписал закон о запрете размещения хостелов в многоквартирных домах с первого октября 2019 года, соответствующий документ опубликован на официальном портале правовой информации.
Закон запрещает использовать жилые помещения в качестве гостиницы или другого средства временного размещения. Предусматривается, что оказывать гостиничные услуги можно лишь после перевода жилого помещения в нежилое и оснащения его оборудованием надлежащего качества:
                )

        )

)



### 15.04.2019 21:28:46
Array
(
)



### 15.04.2019 21:29:07
Array
(
    [prev] => В штабе Зеленского не признают референдум в Крыму
    [text] => КИЕВ, 15 апр — РИА Новости. Пресс-служба кандидата в президенты Украины Владимира Зеленского заявила, что в его штабе не признают референдум о воссоединении Крыма с Россией.
"Так называемый "референдум" не может считаться актом, свидетельствующим о свободном волеизъявлении жителей Крыма", — говорится в заявлении, которое имеется в распоряжении РИА Новости.
)



### 15.04.2019 21:29:09
Array
(
    [news] => Array
        (
            [0] => Array
                (
                    [id] => 1
                    [category] => 2
                    [prev] => В штабе Зеленского не признают референдум в Крыму
                    [text] => КИЕВ, 15 апр — РИА Новости. Пресс-служба кандидата в президенты Украины Владимира Зеленского заявила, что в его штабе не признают референдум о воссоединении Крыма с Россией.
"Так называемый "референдум" не может считаться актом, свидетельствующим о свободном волеизъявлении жителей Крыма", — говорится в заявлении, которое имеется в распоряжении РИА Новости.
                )

            [1] => Array
                (
                    [id] => 2
                    [category] => 2
                    [prev] => Путин подписал закон о запрете размещения хостелов в жилых домах
                    [text] => МОСКВА, 15 апр - РИА Новости. Владимир Путин подписал закон о запрете размещения хостелов в многоквартирных домах с первого октября 2019 года, соответствующий документ опубликован на официальном портале правовой информации.
Закон запрещает использовать жилые помещения в качестве гостиницы или другого средства временного размещения. Предусматривается, что оказывать гостиничные услуги можно лишь после перевода жилого помещения в нежилое и оснащения его оборудованием надлежащего качества:
                )

        )

)



### 18.04.2019 11:52:13
Array
(
)



### 18.04.2019 11:52:14
Array
(
)



### 18.04.2019 11:52:21
Array
(
    [username] => Вася
)



### 18.04.2019 11:52:22
Array
(
)



### 18.04.2019 11:52:26
Array
(
)



### 18.04.2019 11:52:26
Array
(
)



### 18.04.2019 11:52:29
Array
(
)



### 18.04.2019 11:52:31
Array
(
)



### 18.04.2019 11:52:34
Array
(
)



### 18.04.2019 12:02:49
Array
(
    [username] => Вася
)



### 18.04.2019 12:02:49
Array
(
)



### 18.04.2019 12:02:52
Array
(
)



### 18.04.2019 12:02:52
Array
(
)



### 18.04.2019 12:02:52
Array
(
)



### 18.04.2019 12:02:53
Array
(
)



### 18.04.2019 12:02:53
Array
(
)



### 18.04.2019 12:02:53
Array
(
)



### 18.04.2019 12:02:53
Array
(
)



### 18.04.2019 12:02:53
Array
(
)



### 18.04.2019 12:02:53
Array
(
)



### 18.04.2019 12:02:53
Array
(
)



### 18.04.2019 12:02:53
Array
(
)



### 18.04.2019 12:02:53
Array
(
)



### 18.04.2019 12:02:54
Array
(
)



### 18.04.2019 12:02:54
Array
(
)



### 18.04.2019 12:02:54
Array
(
)



### 18.04.2019 12:02:54
Array
(
)



### 18.04.2019 12:02:54
Array
(
)



### 18.04.2019 12:04:20
Array
(
)



### 18.04.2019 12:04:21
Array
(
)



### 18.04.2019 12:04:21
Array
(
)



### 18.04.2019 12:04:21
Array
(
)



### 18.04.2019 12:04:21
Array
(
)



### 18.04.2019 12:04:21
Array
(
)



### 18.04.2019 12:04:21
Array
(
)



### 18.04.2019 12:04:21
Array
(
)



### 18.04.2019 12:04:21
Array
(
)



### 18.04.2019 12:04:22
Array
(
)



### 18.04.2019 12:04:22
Array
(
)



### 18.04.2019 12:04:22
Array
(
)



### 18.04.2019 12:04:22
Array
(
)



### 18.04.2019 12:04:22
Array
(
)



### 18.04.2019 12:04:22
Array
(
)



### 18.04.2019 12:04:22
Array
(
)



### 18.04.2019 12:04:22
Array
(
)



### 18.04.2019 12:04:23
Array
(
)



### 18.04.2019 12:04:32
Array
(
)



### 18.04.2019 12:04:33
Array
(
)



### 18.04.2019 12:04:33
Array
(
)



### 18.04.2019 12:04:33
Array
(
)



### 18.04.2019 12:04:33
Array
(
)



### 18.04.2019 12:04:33
Array
(
)



### 18.04.2019 12:04:33
Array
(
)



### 18.04.2019 12:04:33
Array
(
)



### 18.04.2019 12:04:33
Array
(
)



### 18.04.2019 12:04:33
Array
(
)



### 18.04.2019 12:04:33
Array
(
)



### 18.04.2019 12:04:34
Array
(
)



### 18.04.2019 12:04:34
Array
(
)



### 18.04.2019 12:04:34
Array
(
)



### 18.04.2019 12:04:34
Array
(
)



### 18.04.2019 12:04:34
Array
(
)



### 18.04.2019 12:04:34
Array
(
)



### 18.04.2019 12:04:34
Array
(
)



### 18.04.2019 12:04:35
Array
(
)



### 18.04.2019 12:04:50
Array
(
)



### 18.04.2019 12:05:37
Array
(
)



### 18.04.2019 12:05:38
Array
(
)



### 18.04.2019 12:05:38
Array
(
)



### 18.04.2019 12:05:38
Array
(
)



### 18.04.2019 12:05:38
Array
(
)



### 18.04.2019 12:06:17
Array
(
)



### 18.04.2019 12:06:17
Array
(
)



### 18.04.2019 12:06:17
Array
(
)



### 18.04.2019 12:06:17
Array
(
)



### 18.04.2019 12:06:17
Array
(
)



### 18.04.2019 12:06:17
Array
(
)



### 18.04.2019 12:06:17
Array
(
)



### 18.04.2019 12:06:17
Array
(
)



### 18.04.2019 12:06:18
Array
(
)



### 18.04.2019 12:06:18
Array
(
)



### 18.04.2019 12:06:18
Array
(
)



### 18.04.2019 12:06:18
Array
(
)



### 18.04.2019 12:06:18
Array
(
)



### 18.04.2019 12:06:18
Array
(
)



### 18.04.2019 12:06:19
Array
(
)



### 18.04.2019 12:07:07
Array
(
)



### 18.04.2019 12:07:08
Array
(
)



### 18.04.2019 12:07:08
Array
(
)



### 18.04.2019 12:07:08
Array
(
)



### 18.04.2019 12:07:08
Array
(
)



### 18.04.2019 12:07:08
Array
(
)



### 18.04.2019 12:07:09
Array
(
)



### 18.04.2019 12:08:41
Array
(
)



### 18.04.2019 12:08:41
Array
(
)



### 18.04.2019 12:08:41
Array
(
)



### 18.04.2019 12:08:41
Array
(
)



### 18.04.2019 12:08:41
Array
(
)



### 18.04.2019 12:08:42
Array
(
)



### 18.04.2019 14:15:25
Array
(
)



### 18.04.2019 14:15:26
Array
(
)



### 18.04.2019 14:15:26
Array
(
)



### 18.04.2019 14:15:26
Array
(
)



### 18.04.2019 14:15:26
Array
(
)



### 18.04.2019 14:15:26
Array
(
)



### 18.04.2019 14:15:26
Array
(
)



### 18.04.2019 14:15:27
Array
(
)



### 18.04.2019 14:15:27
Array
(
)



### 18.04.2019 14:15:27
Array
(
)



### 18.04.2019 14:15:27
Array
(
)



### 18.04.2019 14:15:27
Array
(
)



### 18.04.2019 14:15:27
Array
(
)



### 18.04.2019 14:15:28
Array
(
)



### 18.04.2019 14:19:43
Array
(
)



### 18.04.2019 14:19:43
Array
(
)



### 18.04.2019 14:19:43
Array
(
)



### 18.04.2019 14:19:43
Array
(
)



### 18.04.2019 14:19:43
Array
(
)



### 18.04.2019 14:19:44
Array
(
)



### 18.04.2019 14:20:00
Array
(
)



### 18.04.2019 14:20:01
Array
(
)



### 18.04.2019 14:20:01
Array
(
)



### 18.04.2019 14:20:01
Array
(
)



### 18.04.2019 14:20:01
Array
(
)



### 18.04.2019 14:20:01
Array
(
)



### 18.04.2019 14:20:01
Array
(
)



### 18.04.2019 14:21:24
Array
(
)



### 18.04.2019 14:21:24
Array
(
)



### 18.04.2019 14:21:24
Array
(
)



### 18.04.2019 14:21:24
Array
(
)



### 18.04.2019 14:21:24
Array
(
)



### 18.04.2019 14:21:25
Array
(
)



### 18.04.2019 14:21:38
Array
(
)



### 18.04.2019 14:21:48
Array
(
)



### 18.04.2019 14:22:54
Array
(
)



### 18.04.2019 14:22:54
Array
(
)



### 18.04.2019 14:22:55
Array
(
)



### 18.04.2019 14:22:56
Array
(
)



### 18.04.2019 14:22:57
Array
(
)



### 18.04.2019 14:22:57
Array
(
)



### 18.04.2019 14:22:58
Array
(
)



### 18.04.2019 14:22:58
Array
(
)



### 18.04.2019 14:23:35
Array
(
)



### 18.04.2019 14:23:36
Array
(
)



### 18.04.2019 14:23:40
Array
(
)



### 18.04.2019 14:23:43
Array
(
)



### 18.04.2019 15:00:34
Array
(
    [news] => Array
        (
            [0] => Array
                (
                    [id] => 1
                    [category] => 2
                    [prev] => В штабе Зеленского не признают референдум в Крыму
                    [text] => КИЕВ, 15 апр — РИА Новости. Пресс-служба кандидата в президенты Украины Владимира Зеленского заявила, что в его штабе не признают референдум о воссоединении Крыма с Россией.
"Так называемый "референдум" не может считаться актом, свидетельствующим о свободном волеизъявлении жителей Крыма", — говорится в заявлении, которое имеется в распоряжении РИА Новости.
                )

            [1] => Array
                (
                    [id] => 2
                    [category] => 2
                    [prev] => Путин подписал закон о запрете размещения хостелов в жилых домах
                    [text] => МОСКВА, 15 апр - РИА Новости. Владимир Путин подписал закон о запрете размещения хостелов в многоквартирных домах с первого октября 2019 года, соответствующий документ опубликован на официальном портале правовой информации.
Закон запрещает использовать жилые помещения в качестве гостиницы или другого средства временного размещения. Предусматривается, что оказывать гостиничные услуги можно лишь после перевода жилого помещения в нежилое и оснащения его оборудованием надлежащего качества:
                )

        )

)



### 18.04.2019 15:00:35
Array
(
)



### 18.04.2019 15:00:40
Array
(
)



### 18.04.2019 15:00:41
Array
(
)



### 18.04.2019 15:00:43
Array
(
)



### 18.04.2019 15:00:47
Array
(
    [prev] => В штабе Зеленского не признают референдум в Крыму
    [text] => КИЕВ, 15 апр — РИА Новости. Пресс-служба кандидата в президенты Украины Владимира Зеленского заявила, что в его штабе не признают референдум о воссоединении Крыма с Россией.
"Так называемый "референдум" не может считаться актом, свидетельствующим о свободном волеизъявлении жителей Крыма", — говорится в заявлении, которое имеется в распоряжении РИА Новости.
)



### 18.04.2019 15:00:47
Array
(
)



### 18.04.2019 15:00:50
Array
(
)



### 18.04.2019 15:00:52
Array
(
)



### 18.04.2019 15:00:52
Array
(
)



### 18.04.2019 15:00:59
Array
(
)



### 18.04.2019 15:01:01
Array
(
)



### 18.04.2019 15:15:40
Array
(
    [pictures] => Array
        (
            [0] => Array
                (
                    [id] => 1
                    [path] => 01.jpg
                    [views] => 1
                )

            [1] => Array
                (
                    [id] => 2
                    [path] => 02.jpg
                    [views] => 1
                )

        )

)



### 18.04.2019 15:15:40
Array
(
)



### 18.04.2019 15:15:40
Array
(
)



### 18.04.2019 15:19:03
Array
(
    [pictures] => Array
        (
            [0] => Array
                (
                    [id] => 1
                    [path] => 01.jpg
                    [views] => 1
                )

            [1] => Array
                (
                    [id] => 2
                    [path] => 02.jpg
                    [views] => 1
                )

        )

)



### 18.04.2019 15:19:04
Array
(
)



### 18.04.2019 15:24:34
Array
(
    [pictures] => Array
        (
            [0] => Array
                (
                    [id] => 1
                    [path] => 01.jpg
                    [views] => 1
                )

            [1] => Array
                (
                    [id] => 2
                    [path] => 02.jpg
                    [views] => 1
                )

        )

)



### 18.04.2019 15:24:35
Array
(
)



### 18.04.2019 15:24:45
Array
(
)



### 18.04.2019 15:24:47
Array
(
)



### 18.04.2019 15:26:33
Array
(
)



### 18.04.2019 15:26:35
Array
(
)



### 18.04.2019 15:34:18
Array
(
    [pictures] => Array
        (
            [0] => Array
                (
                    [id] => 1
                    [path] => 01.jpg
                    [views] => 1
                )

            [1] => Array
                (
                    [id] => 2
                    [path] => 02.jpg
                    [views] => 1
                )

        )

)



### 18.04.2019 15:34:18
Array
(
)



### 18.04.2019 15:34:21
Array
(
    [prev] => Путин подписал закон о запрете размещения хостелов в жилых домах
    [text] => МОСКВА, 15 апр - РИА Новости. Владимир Путин подписал закон о запрете размещения хостелов в многоквартирных домах с первого октября 2019 года, соответствующий документ опубликован на официальном портале правовой информации.
Закон запрещает использовать жилые помещения в качестве гостиницы или другого средства временного размещения. Предусматривается, что оказывать гостиничные услуги можно лишь после перевода жилого помещения в нежилое и оснащения его оборудованием надлежащего качества:
)



### 18.04.2019 15:34:21
Array
(
)



### 18.04.2019 15:34:32
Array
(
)



### 18.04.2019 15:38:29
Array
(
    [pictures] => Array
        (
            [0] => Array
                (
                    [id] => 1
                    [path] => 01.jpg
                    [views] => 1
                )

            [1] => Array
                (
                    [id] => 2
                    [path] => 02.jpg
                    [views] => 1
                )

        )

)



### 18.04.2019 15:38:29
Array
(
)



### 18.04.2019 15:38:32
Array
(
    [pictures] => Array
        (
            [0] => Array
                (
                    [id] => 1
                    [path] => 01.jpg
                    [views] => 1
                )

            [1] => Array
                (
                    [id] => 2
                    [path] => 02.jpg
                    [views] => 1
                )

        )

)



### 18.04.2019 15:38:33
Array
(
)



### 18.04.2019 15:38:38
Array
(
    [pictures] => Array
        (
            [0] => Array
                (
                    [id] => 1
                    [path] => 01.jpg
                    [views] => 1
                )

            [1] => Array
                (
                    [id] => 2
                    [path] => 02.jpg
                    [views] => 1
                )

        )

)



### 18.04.2019 15:38:38
Array
(
)



### 18.04.2019 15:41:18
Array
(
    [news] => Array
        (
            [0] => Array
                (
                    [id] => 1
                    [category] => 2
                    [prev] => В штабе Зеленского не признают референдум в Крыму
                    [text] => КИЕВ, 15 апр — РИА Новости. Пресс-служба кандидата в президенты Украины Владимира Зеленского заявила, что в его штабе не признают референдум о воссоединении Крыма с Россией.
"Так называемый "референдум" не может считаться актом, свидетельствующим о свободном волеизъявлении жителей Крыма", — говорится в заявлении, которое имеется в распоряжении РИА Новости.
                )

            [1] => Array
                (
                    [id] => 2
                    [category] => 2
                    [prev] => Путин подписал закон о запрете размещения хостелов в жилых домах
                    [text] => МОСКВА, 15 апр - РИА Новости. Владимир Путин подписал закон о запрете размещения хостелов в многоквартирных домах с первого октября 2019 года, соответствующий документ опубликован на официальном портале правовой информации.
Закон запрещает использовать жилые помещения в качестве гостиницы или другого средства временного размещения. Предусматривается, что оказывать гостиничные услуги можно лишь после перевода жилого помещения в нежилое и оснащения его оборудованием надлежащего качества:
                )

        )

)



### 18.04.2019 15:41:19
Array
(
)



### 18.04.2019 15:42:08
Array
(
    [pictures] => Array
        (
            [0] => Array
                (
                    [id] => 1
                    [path] => 01.jpg
                    [views] => 1
                )

            [1] => Array
                (
                    [id] => 2
                    [path] => 02.jpg
                    [views] => 1
                )

        )

)



### 18.04.2019 15:42:08
Array
(
)



### 18.04.2019 15:42:10
Array
(
    [path] => 02.jpg
    [views] => 1
)



### 18.04.2019 15:42:11
Array
(
)



### 18.04.2019 15:42:20
Array
(
)



### 18.04.2019 15:42:46
Array
(
    [pictures] => Array
        (
            [0] => Array
                (
                    [id] => 1
                    [path] => 01.jpg
                    [views] => 1
                )

            [1] => Array
                (
                    [id] => 2
                    [path] => 02.jpg
                    [views] => 1
                )

        )

)



### 18.04.2019 15:42:47
Array
(
)



### 18.04.2019 15:42:49
Array
(
    [path] => 02.jpg
    [views] => 1
)



### 18.04.2019 15:42:50
Array
(
)



### 18.04.2019 15:45:10
Array
(
    [path] => 02.jpg
    [views] => 1
)



### 18.04.2019 15:45:10
Array
(
)



### 18.04.2019 15:45:42
Array
(
    [path] => 02.jpg
    [views] => 1
)



### 18.04.2019 15:45:43
Array
(
)



### 18.04.2019 16:37:48
Array
(
    [path] => 02.jpg
    [views] => 1
    [id] => 2
)



### 18.04.2019 16:37:49
Array
(
)



### 18.04.2019 16:37:50
Array
(
    [path] => 02.jpg
    [views] => 2
    [id] => 2
)



### 18.04.2019 16:37:50
Array
(
)



### 18.04.2019 16:37:51
Array
(
    [path] => 02.jpg
    [views] => 3
    [id] => 2
)



### 18.04.2019 16:37:52
Array
(
)



### 18.04.2019 16:37:53
Array
(
    [path] => 02.jpg
    [views] => 4
    [id] => 2
)



### 18.04.2019 16:37:53
Array
(
)



### 18.04.2019 16:38:00
Array
(
    [path] => 02.jpg
    [views] => 5
    [id] => 2
)



### 18.04.2019 16:38:01
Array
(
)



### 18.04.2019 16:38:02
Array
(
    [path] => 02.jpg
    [views] => 6
    [id] => 2
)



### 18.04.2019 16:38:02
Array
(
)



### 18.04.2019 16:42:55
Array
(
    [path] => 02.jpg
    [views] => 7
    [id] => 2
)



### 18.04.2019 16:42:55
Array
(
)



### 18.04.2019 16:42:58
Array
(
    [pictures] => Array
        (
            [0] => Array
                (
                    [id] => 2
                    [path] => 02.jpg
                    [views] => 8
                )

            [1] => Array
                (
                    [id] => 1
                    [path] => 01.jpg
                    [views] => 1
                )

        )

)



### 18.04.2019 16:42:59
Array
(
)



### 18.04.2019 16:54:03
Array
(
    [pictures] => Array
        (
            [0] => Array
                (
                    [id] => 2
                    [path] => 02.jpg
                    [views] => 8
                )

            [1] => Array
                (
                    [id] => 1
                    [path] => 01.jpg
                    [views] => 1
                )

        )

)



### 18.04.2019 16:54:04
Array
(
)



### 18.04.2019 16:54:06
Array
(
)



### 18.04.2019 16:55:32
Array
(
    [path] => 
    [views] => 
    [id] => 
)



### 18.04.2019 16:55:32
Array
(
)



### 18.04.2019 16:55:34
Array
(
    [path] => 
    [views] => 
    [id] => 
)



### 18.04.2019 16:55:34
Array
(
)



### 18.04.2019 16:55:35
Array
(
    [path] => 
    [views] => 
    [id] => 
)



### 18.04.2019 16:55:36
Array
(
)



### 18.04.2019 16:58:11
Array
(
    [path] => 01.jpg
    [views] => 1
    [id] => 1
)



### 18.04.2019 16:58:12
Array
(
)



### 18.04.2019 16:58:27
Array
(
    [pictures] => Array
        (
            [0] => Array
                (
                    [id] => 2
                    [path] => 02.jpg
                    [views] => 8
                )

            [1] => Array
                (
                    [id] => 1
                    [path] => 01.jpg
                    [views] => 2
                )

        )

)



### 18.04.2019 16:58:28
Array
(
)



### 18.04.2019 16:58:29
Array
(
    [path] => 01.jpg
    [views] => 2
    [id] => 1
)



### 18.04.2019 16:58:29
Array
(
)



### 18.04.2019 17:02:29
Array
(
    [path] => 01.jpg
    [views] => 3
    [id] => 1
)



### 18.04.2019 17:02:29
Array
(
)



### 18.04.2019 17:02:32
Array
(
    [pictures] => Array
        (
            [0] => Array
                (
                    [id] => 2
                    [path] => 02.jpg
                    [views] => 8
                )

            [1] => Array
                (
                    [id] => 1
                    [path] => 01.jpg
                    [views] => 4
                )

            [2] => Array
                (
                    [id] => 3
                    [path] => 03.jpg
                    [views] => 1
                )

            [3] => Array
                (
                    [id] => 4
                    [path] => 03.jpg
                    [views] => 1
                )

            [4] => Array
                (
                    [id] => 5
                    [path] => 04.jpg
                    [views] => 1
                )

            [5] => Array
                (
                    [id] => 6
                    [path] => 05.jpg
                    [views] => 1
                )

            [6] => Array
                (
                    [id] => 7
                    [path] => 06.jpg
                    [views] => 1
                )

            [7] => Array
                (
                    [id] => 8
                    [path] => 07.jpg
                    [views] => 1
                )

            [8] => Array
                (
                    [id] => 9
                    [path] => 08.jpg
                    [views] => 1
                )

            [9] => Array
                (
                    [id] => 10
                    [path] => 09.jpg
                    [views] => 1
                )

            [10] => Array
                (
                    [id] => 11
                    [path] => 10.jpg
                    [views] => 1
                )

            [11] => Array
                (
                    [id] => 12
                    [path] => 11.jpg
                    [views] => 1
                )

            [12] => Array
                (
                    [id] => 13
                    [path] => 12.jpg
                    [views] => 1
                )

            [13] => Array
                (
                    [id] => 14
                    [path] => 13.jpg
                    [views] => 1
                )

            [14] => Array
                (
                    [id] => 15
                    [path] => 14.jpg
                    [views] => 1
                )

            [15] => Array
                (
                    [id] => 16
                    [path] => 15.jpg
                    [views] => 1
                )

        )

)



### 18.04.2019 17:02:33
Array
(
)



### 18.04.2019 17:03:42
Array
(
    [pictures] => Array
        (
            [0] => Array
                (
                    [id] => 2
                    [path] => 02.jpg
                    [views] => 8
                )

            [1] => Array
                (
                    [id] => 1
                    [path] => 01.jpg
                    [views] => 4
                )

            [2] => Array
                (
                    [id] => 4
                    [path] => 03.jpg
                    [views] => 1
                )

            [3] => Array
                (
                    [id] => 5
                    [path] => 04.jpg
                    [views] => 1
                )

            [4] => Array
                (
                    [id] => 6
                    [path] => 05.jpg
                    [views] => 1
                )

            [5] => Array
                (
                    [id] => 7
                    [path] => 06.jpg
                    [views] => 1
                )

            [6] => Array
                (
                    [id] => 8
                    [path] => 07.jpg
                    [views] => 1
                )

            [7] => Array
                (
                    [id] => 9
                    [path] => 08.jpg
                    [views] => 1
                )

            [8] => Array
                (
                    [id] => 10
                    [path] => 09.jpg
                    [views] => 1
                )

            [9] => Array
                (
                    [id] => 11
                    [path] => 10.jpg
                    [views] => 1
                )

            [10] => Array
                (
                    [id] => 12
                    [path] => 11.jpg
                    [views] => 1
                )

            [11] => Array
                (
                    [id] => 13
                    [path] => 12.jpg
                    [views] => 1
                )

            [12] => Array
                (
                    [id] => 14
                    [path] => 13.jpg
                    [views] => 1
                )

            [13] => Array
                (
                    [id] => 15
                    [path] => 14.jpg
                    [views] => 1
                )

            [14] => Array
                (
                    [id] => 16
                    [path] => 15.jpg
                    [views] => 1
                )

        )

)



### 18.04.2019 17:03:43
Array
(
)



### 18.04.2019 17:03:45
Array
(
    [path] => 12.jpg
    [views] => 1
    [id] => 13
)



### 18.04.2019 17:03:46
Array
(
)



### 18.04.2019 17:03:52
Array
(
)



