### 12.04.2019 21:29:45
catalog


### 15.04.2019 20:48:51
index


### 15.04.2019 20:48:54
catalog


### 15.04.2019 20:48:58
product


### 15.04.2019 20:48:59
index


### 15.04.2019 20:49:04
catalog


### 15.04.2019 20:49:32
catalog


### 15.04.2019 20:49:35
index


### 15.04.2019 20:49:45
index


### 15.04.2019 20:49:51
index


### 15.04.2019 20:49:54
news


### 15.04.2019 20:50:25
news


### 15.04.2019 20:50:29
index


### 15.04.2019 20:50:41
news


### 15.04.2019 20:54:06
index


### 15.04.2019 20:54:13
index


### 15.04.2019 20:54:32
index


### 15.04.2019 20:54:38
index


### 15.04.2019 20:54:41
news


### 15.04.2019 20:55:47
index


### 15.04.2019 20:55:58
index


### 15.04.2019 20:56:06
index


### 15.04.2019 20:56:16
index


### 15.04.2019 20:56:55
index


### 15.04.2019 20:57:11
index


### 15.04.2019 20:57:16
index


### 15.04.2019 20:58:37
index


### 15.04.2019 20:58:46
news


### 15.04.2019 20:58:59
newss


### 15.04.2019 20:59:06
news


### 15.04.2019 20:59:11
news


### 15.04.2019 20:59:12
index


### 15.04.2019 20:59:13
news


### 15.04.2019 20:59:14
news


### 15.04.2019 20:59:15
news


### 15.04.2019 20:59:16
news


### 15.04.2019 20:59:18
news


### 15.04.2019 20:59:19
news


### 15.04.2019 20:59:20
index


### 15.04.2019 20:59:21
news


### 15.04.2019 21:01:52
news


### 15.04.2019 21:01:53
index


### 15.04.2019 21:13:37
news


### 15.04.2019 21:15:05
news


### 15.04.2019 21:15:19
newspage


### 15.04.2019 21:15:22
newspage


### 15.04.2019 21:16:12
news


### 15.04.2019 21:19:57
newspage


### 15.04.2019 21:20:48
newspage


### 15.04.2019 21:20:51
news


### 15.04.2019 21:20:52
newspage


### 15.04.2019 21:28:17
newspage


### 15.04.2019 21:28:18
index


### 15.04.2019 21:28:19
news


### 15.04.2019 21:28:20
index


### 15.04.2019 21:28:20
news


### 15.04.2019 21:28:43
news


### 15.04.2019 21:28:46
news


### 15.04.2019 21:28:46
feedback


### 15.04.2019 21:29:07
newspage


### 15.04.2019 21:29:09
news


### 18.04.2019 11:52:13
?page=gallery


### 18.04.2019 11:52:14
favicon.ico


### 18.04.2019 11:52:21
index


### 18.04.2019 11:52:22
favicon.ico


### 18.04.2019 11:52:26
feedback


### 18.04.2019 11:52:26
favicon.ico


### 18.04.2019 11:52:29
favicon.ico


### 18.04.2019 11:52:31
favicon.ico


### 18.04.2019 11:52:34
favicon.ico


### 18.04.2019 12:02:49
index


### 18.04.2019 12:02:49
favicon.ico


### 18.04.2019 12:02:52
gallery


### 18.04.2019 12:02:52
gallery


### 18.04.2019 12:02:52
gallery


### 18.04.2019 12:02:52
gallery


### 18.04.2019 12:02:52
gallery


### 18.04.2019 12:02:53
gallery


### 18.04.2019 12:02:53
gallery


### 18.04.2019 12:02:53
gallery


### 18.04.2019 12:02:53
gallery


### 18.04.2019 12:02:53
gallery


### 18.04.2019 12:02:53
gallery


### 18.04.2019 12:02:53
gallery


### 18.04.2019 12:02:54
gallery


### 18.04.2019 12:02:54
gallery


### 18.04.2019 12:02:54
gallery


### 18.04.2019 12:02:54
gallery


### 18.04.2019 12:02:54
favicon.ico


### 18.04.2019 12:04:20
gallery


### 18.04.2019 12:04:21
gallery


### 18.04.2019 12:04:21
gallery


### 18.04.2019 12:04:21
gallery


### 18.04.2019 12:04:21
gallery


### 18.04.2019 12:04:21
gallery


### 18.04.2019 12:04:21
gallery


### 18.04.2019 12:04:21
gallery


### 18.04.2019 12:04:21
gallery


### 18.04.2019 12:04:22
gallery


### 18.04.2019 12:04:22
gallery


### 18.04.2019 12:04:22
gallery


### 18.04.2019 12:04:22
gallery


### 18.04.2019 12:04:22
gallery


### 18.04.2019 12:04:22
gallery


### 18.04.2019 12:04:22
gallery


### 18.04.2019 12:04:22
gallery


### 18.04.2019 12:04:23
favicon.ico


### 18.04.2019 12:04:32
gallery


### 18.04.2019 12:04:33
gallery


### 18.04.2019 12:04:33
gallery


### 18.04.2019 12:04:33
gallery


### 18.04.2019 12:04:33
gallery


### 18.04.2019 12:04:33
gallery


### 18.04.2019 12:04:33
gallery


### 18.04.2019 12:04:33
gallery


### 18.04.2019 12:04:33
gallery


### 18.04.2019 12:04:34
gallery


### 18.04.2019 12:04:34
gallery


### 18.04.2019 12:04:34
gallery


### 18.04.2019 12:04:34
gallery


### 18.04.2019 12:04:34
gallery


### 18.04.2019 12:04:34
gallery


### 18.04.2019 12:04:34
gallery


### 18.04.2019 12:04:35
favicon.ico


### 18.04.2019 12:04:50
favicon.ico


### 18.04.2019 12:05:37
gallery


### 18.04.2019 12:05:38
gallery


### 18.04.2019 12:05:38
gallery


### 18.04.2019 12:05:38
gallery


### 18.04.2019 12:05:38
favicon.ico


### 18.04.2019 12:06:17
gallery


### 18.04.2019 12:06:17
gallery


### 18.04.2019 12:06:17
gallery


### 18.04.2019 12:06:17
gallery


### 18.04.2019 12:06:17
gallery


### 18.04.2019 12:06:17
gallery


### 18.04.2019 12:06:17
gallery


### 18.04.2019 12:06:17
gallery


### 18.04.2019 12:06:17
gallery


### 18.04.2019 12:06:18
gallery


### 18.04.2019 12:06:18
gallery


### 18.04.2019 12:06:18
gallery


### 18.04.2019 12:06:18
gallery


### 18.04.2019 12:06:18
gallery


### 18.04.2019 12:06:18
gallery


### 18.04.2019 12:06:19
favicon.ico


### 18.04.2019 12:07:07
gallery


### 18.04.2019 12:07:08
gallery


### 18.04.2019 12:07:08
gallery


### 18.04.2019 12:07:08
gallery


### 18.04.2019 12:07:08
gallery


### 18.04.2019 12:07:09
favicon.ico


### 18.04.2019 12:08:41
gallery


### 18.04.2019 12:08:41
gallery


### 18.04.2019 12:08:41
gallery


### 18.04.2019 12:08:41
gallery


### 18.04.2019 12:08:41
gallery


### 18.04.2019 12:08:42
favicon.ico


### 18.04.2019 14:15:25
gallery


### 18.04.2019 14:15:26
gallery


### 18.04.2019 14:15:26
gallery


### 18.04.2019 14:15:26
gallery


### 18.04.2019 14:15:26
gallery


### 18.04.2019 14:15:26
gallery


### 18.04.2019 14:15:26
gallery


### 18.04.2019 14:15:26
gallery


### 18.04.2019 14:15:27
gallery


### 18.04.2019 14:15:27
gallery


### 18.04.2019 14:15:27
gallery


### 18.04.2019 14:15:27
gallery


### 18.04.2019 14:15:27
gallery


### 18.04.2019 14:15:27
gallery


### 18.04.2019 14:15:27
gallery


### 18.04.2019 14:15:28
favicon.ico


### 18.04.2019 14:19:43
gallery


### 18.04.2019 14:19:43
gallery


### 18.04.2019 14:19:43
gallery


### 18.04.2019 14:19:43
gallery


### 18.04.2019 14:19:43
gallery


### 18.04.2019 14:19:44
favicon.ico


### 18.04.2019 14:20:00
gallery


### 18.04.2019 14:20:01
gallery


### 18.04.2019 14:20:01
gallery


### 18.04.2019 14:20:01
gallery


### 18.04.2019 14:20:01
gallery


### 18.04.2019 14:20:01
gallery


### 18.04.2019 14:20:01
favicon.ico


### 18.04.2019 14:21:24
gallery


### 18.04.2019 14:21:24
gallery


### 18.04.2019 14:21:24
gallery


### 18.04.2019 14:21:24
gallery


### 18.04.2019 14:21:24
gallery


### 18.04.2019 14:21:25
favicon.ico


### 18.04.2019 14:21:38
favicon.ico


### 18.04.2019 14:21:48
favicon.ico


### 18.04.2019 14:22:54
gallery


### 18.04.2019 14:22:54
favicon.ico


### 18.04.2019 14:22:55
gallery


### 18.04.2019 14:22:56
favicon.ico


### 18.04.2019 14:22:57
gallery


### 18.04.2019 14:22:57
favicon.ico


### 18.04.2019 14:22:58
gallery


### 18.04.2019 14:22:58
favicon.ico


### 18.04.2019 14:23:35
gallery


### 18.04.2019 14:23:36
favicon.ico


### 18.04.2019 14:23:40
favicon.ico


### 18.04.2019 14:23:43
favicon.ico


### 18.04.2019 15:00:34
news


### 18.04.2019 15:00:35
favicon.ico


### 18.04.2019 15:00:40
feedback


### 18.04.2019 15:00:41
favicon.ico


### 18.04.2019 15:00:43
favicon.ico


### 18.04.2019 15:00:47
newspage


### 18.04.2019 15:00:47
favicon.ico


### 18.04.2019 15:00:50
favicon.ico


### 18.04.2019 15:00:52
gallery


### 18.04.2019 15:00:52
favicon.ico


### 18.04.2019 15:00:59
favicon.ico


### 18.04.2019 15:01:01
favicon.ico


### 18.04.2019 15:15:40
gallery


### 18.04.2019 15:15:40
img


### 18.04.2019 15:15:40
favicon.ico


### 18.04.2019 15:19:03
gallery


### 18.04.2019 15:19:04
favicon.ico


### 18.04.2019 15:24:34
gallery


### 18.04.2019 15:24:35
favicon.ico


### 18.04.2019 15:24:45
favicon.ico


### 18.04.2019 15:24:47
favicon.ico


### 18.04.2019 15:26:33
favicon.ico


### 18.04.2019 15:26:35
favicon.ico


### 18.04.2019 15:34:18
gallery


### 18.04.2019 15:34:18
favicon.ico


### 18.04.2019 15:34:21
newspage


### 18.04.2019 15:34:21
favicon.ico


### 18.04.2019 15:34:32
favicon.ico


### 18.04.2019 15:38:29
gallery


### 18.04.2019 15:38:29
favicon.ico


### 18.04.2019 15:38:32
gallery


### 18.04.2019 15:38:33
favicon.ico


### 18.04.2019 15:38:38
gallery


### 18.04.2019 15:38:38
favicon.ico


### 18.04.2019 15:41:18
news


### 18.04.2019 15:41:19
favicon.ico


### 18.04.2019 15:42:07
gallery


### 18.04.2019 15:42:08
favicon.ico


### 18.04.2019 15:42:10
imagespage


### 18.04.2019 15:42:11
favicon.ico


### 18.04.2019 15:42:20
favicon.ico


### 18.04.2019 15:42:46
gallery


### 18.04.2019 15:42:47
favicon.ico


### 18.04.2019 15:42:49
imagepage


### 18.04.2019 15:42:50
favicon.ico


### 18.04.2019 15:45:10
imagepage


### 18.04.2019 15:45:10
favicon.ico


### 18.04.2019 15:45:42
imagepage


### 18.04.2019 15:45:43
favicon.ico


### 18.04.2019 16:37:48
imagepage


### 18.04.2019 16:37:49
favicon.ico


### 18.04.2019 16:37:50
imagepage


### 18.04.2019 16:37:50
favicon.ico


### 18.04.2019 16:37:51
imagepage


### 18.04.2019 16:37:52
favicon.ico


### 18.04.2019 16:37:53
imagepage


### 18.04.2019 16:37:53
favicon.ico


### 18.04.2019 16:38:00
imagepage


### 18.04.2019 16:38:01
favicon.ico


### 18.04.2019 16:38:02
imagepage


### 18.04.2019 16:38:02
favicon.ico


### 18.04.2019 16:42:55
imagepage


### 18.04.2019 16:42:55
favicon.ico


### 18.04.2019 16:42:58
gallery


### 18.04.2019 16:42:59
favicon.ico


### 18.04.2019 16:54:03
gallery


### 18.04.2019 16:54:04
favicon.ico


### 18.04.2019 16:54:06
favicon.ico


### 18.04.2019 16:55:32
imagepage


### 18.04.2019 16:55:32
favicon.ico


### 18.04.2019 16:55:34
imagepage


### 18.04.2019 16:55:34
favicon.ico


### 18.04.2019 16:55:35
imagepage


### 18.04.2019 16:55:36
favicon.ico


### 18.04.2019 16:58:11
imagepage


### 18.04.2019 16:58:12
favicon.ico


### 18.04.2019 16:58:27
gallery


### 18.04.2019 16:58:28
favicon.ico


### 18.04.2019 16:58:29
imagepage


### 18.04.2019 16:58:29
favicon.ico


### 18.04.2019 17:02:29
imagepage


### 18.04.2019 17:02:29
favicon.ico


### 18.04.2019 17:02:32
gallery


### 18.04.2019 17:02:33
favicon.ico


### 18.04.2019 17:03:42
gallery


### 18.04.2019 17:03:43
favicon.ico


### 18.04.2019 17:03:45
imagepage


### 18.04.2019 17:03:46
favicon.ico


### 18.04.2019 17:03:52
favicon.ico


